2022-03-09 18:59:04,038:INFO:Initializing load_model()
2022-03-09 18:59:04,038:INFO:load_model(model_name=/home/mmaajjuulloo/Final_proj_gcp_app/tuned_knn_gcp, platform=None, authentication=None, verbose=True)
2022-03-09 18:59:09,051:INFO:Initializing load_model()
2022-03-09 18:59:09,051:INFO:load_model(model_name=/home/mmaajjuulloo/Final_proj_gcp_app/tuned_knn_gcp, platform=None, authentication=None, verbose=True)
2022-03-09 19:01:28,382:INFO:Initializing load_model()
2022-03-09 19:01:28,382:INFO:load_model(model_name=/home/mmaajjuulloo/Final_proj_gcp_app/tuned_knn_gcp, platform=None, authentication=None, verbose=True)
2022-03-09 19:01:58,779:INFO:Initializing load_model()
2022-03-09 19:01:58,779:INFO:load_model(model_name=/home/mmaajjuulloo/Final_proj_gcp_app/tuned_knn_gcp, platform=None, authentication=None, verbose=True)
2022-03-09 19:02:15,925:INFO:Initializing load_model()
2022-03-09 19:02:15,925:INFO:load_model(model_name=tuned_knn_gcp, platform=None, authentication=None, verbose=True)
2022-03-09 19:03:21,644:INFO:Initializing load_model()
2022-03-09 19:03:21,644:INFO:load_model(model_name=tuned_knn_gcp, platform=None, authentication=None, verbose=True)
2022-03-09 19:05:59,100:INFO:Initializing predict_model()
2022-03-09 19:05:59,101:INFO:predict_model(estimator=Pipeline(steps=[('dtypes',
                 DataTypes_Auto_infer(ml_usecase='regression',
                                      target='price_range')),
                ('imputer',
                 Simple_Imputer(categorical_strategy='not_available',
                                fill_value_categorical=None,
                                fill_value_numerical=None,
                                numeric_strategy='mean',
                                target_variable=None)),
                ('new_levels1',
                 New_Catagorical_Levels_in_TestData(replacement_strategy='least '
                                                                         'frequent',
                                                    tar...
                ('binn', 'passthrough'), ('rem_outliers', 'passthrough'),
                ('cluster_all', 'passthrough'),
                ('dummy', Dummify(target='price_range')),
                ('fix_perfect', Remove_100(target='price_range')),
                ('clean_names', Clean_Colum_Names()),
                ('feature_select', 'passthrough'), ('fix_multi', 'passthrough'),
                ('dfs', 'passthrough'), ('pca', 'passthrough'),
                ['trained_model',
                 KNeighborsRegressor(n_jobs=-1, n_neighbors=9,
                                     weights='distance')]]), probability_threshold=None, encoded_labels=True, drift_report=False, raw_score=False, round=0, verbose=True, ml_usecase=MLUsecase.REGRESSION, display=None)
2022-03-09 19:05:59,101:INFO:Checking exceptions
2022-03-09 19:05:59,101:INFO:Preloading libraries
2022-03-09 19:09:30,869:INFO:Initializing load_model()
2022-03-09 19:09:30,869:INFO:load_model(model_name=tuned_knn_gcp, platform=None, authentication=None, verbose=True)
2022-03-09 19:10:18,155:INFO:Initializing load_model()
2022-03-09 19:10:18,156:INFO:load_model(model_name=tuned_knn_gcp, platform=None, authentication=None, verbose=True)
2022-03-09 19:10:23,397:INFO:Initializing load_model()
2022-03-09 19:10:23,397:INFO:load_model(model_name=tuned_knn_gcp, platform=None, authentication=None, verbose=True)
2022-03-09 19:10:59,369:INFO:Initializing predict_model()
2022-03-09 19:10:59,369:INFO:predict_model(estimator=Pipeline(steps=[('dtypes',
                 DataTypes_Auto_infer(ml_usecase='regression',
                                      target='price_range')),
                ('imputer',
                 Simple_Imputer(categorical_strategy='not_available',
                                fill_value_categorical=None,
                                fill_value_numerical=None,
                                numeric_strategy='mean',
                                target_variable=None)),
                ('new_levels1',
                 New_Catagorical_Levels_in_TestData(replacement_strategy='least '
                                                                         'frequent',
                                                    tar...
                ('binn', 'passthrough'), ('rem_outliers', 'passthrough'),
                ('cluster_all', 'passthrough'),
                ('dummy', Dummify(target='price_range')),
                ('fix_perfect', Remove_100(target='price_range')),
                ('clean_names', Clean_Colum_Names()),
                ('feature_select', 'passthrough'), ('fix_multi', 'passthrough'),
                ('dfs', 'passthrough'), ('pca', 'passthrough'),
                ['trained_model',
                 KNeighborsRegressor(n_jobs=-1, n_neighbors=9,
                                     weights='distance')]]), probability_threshold=None, encoded_labels=True, drift_report=False, raw_score=False, round=0, verbose=True, ml_usecase=MLUsecase.REGRESSION, display=None)
2022-03-09 19:10:59,369:INFO:Checking exceptions
2022-03-09 19:10:59,369:INFO:Preloading libraries
2022-03-09 19:11:37,517:INFO:Initializing load_model()
2022-03-09 19:11:37,517:INFO:load_model(model_name=tuned_knn_gcp, platform=None, authentication=None, verbose=True)
