2022-03-08 23:04:05,637 DEBUG    root            Loaded Command Group: ['gcloud', 'services']
2022-03-08 23:04:05,643 DEBUG    root            Loaded Command Group: ['gcloud', 'services', 'list']
2022-03-08 23:04:05,667 DEBUG    root            Running [gcloud.services.list] with arguments: [--enabled: "True", --filter: "config.name=run.googleapis.com OR config.name=sql-component.googleapis.com OR config.name=sqladmin.googleapis.com", --format: "json", --project: "ordinal-throne-343519", --quiet: "True"]
2022-03-08 23:04:05,703 DEBUG    google.auth.transport.requests Making request: GET http://metadata.google.internal/computeMetadata/v1/instance/service-accounts/mmaajjuulloo@gmail.com/?recursive=true
2022-03-08 23:04:05,717 DEBUG    urllib3.connectionpool Starting new HTTP connection (1): metadata.google.internal:80
2022-03-08 23:04:05,724 DEBUG    urllib3.connectionpool http://metadata.google.internal:80 "GET /computeMetadata/v1/instance/service-accounts/mmaajjuulloo@gmail.com/?recursive=true HTTP/1.1" 200 None
2022-03-08 23:04:05,727 DEBUG    google.auth.transport.requests Making request: GET http://metadata.google.internal/computeMetadata/v1/instance/service-accounts/mmaajjuulloo@gmail.com/token
2022-03-08 23:04:05,740 DEBUG    urllib3.connectionpool Resetting dropped connection: metadata.google.internal
2022-03-08 23:04:05,748 DEBUG    urllib3.connectionpool http://metadata.google.internal:80 "GET /computeMetadata/v1/instance/service-accounts/mmaajjuulloo@gmail.com/token HTTP/1.1" 200 None
2022-03-08 23:04:05,806 INFO     root            Display format: "
          table(
            config.name:label=NAME:sort=1,
            config.title
          )
         json"
2022-03-08 23:04:05,827 DEBUG    urllib3.connectionpool Starting new HTTPS connection (1): serviceusage.googleapis.com:443
2022-03-08 23:04:06,228 DEBUG    urllib3.connectionpool https://serviceusage.googleapis.com:443 "GET /v1/projects/ordinal-throne-343519/services?alt=json&filter=state%3AENABLED HTTP/1.1" 200 None
2022-03-08 23:04:06,489 INFO     ___FILE_ONLY___ [
  {
2022-03-08 23:04:06,489 INFO     ___FILE_ONLY___ 
    "config": {
2022-03-08 23:04:06,489 INFO     ___FILE_ONLY___ 
      "authentication": {},
2022-03-08 23:04:06,489 INFO     ___FILE_ONLY___ 
      "documentation": {
2022-03-08 23:04:06,489 INFO     ___FILE_ONLY___ 
        "summary": "Deploy and manage user provided container images that scale automatically based on incoming requests. The Cloud Run Admin API v1 follows the Knative Serving API specification, while v2 is aligned with Google Cloud AIP-based API standards, as described in https://google.aip.dev/."
2022-03-08 23:04:06,490 INFO     ___FILE_ONLY___ 
      },
2022-03-08 23:04:06,490 INFO     ___FILE_ONLY___ 
      "monitoredResources": [
2022-03-08 23:04:06,490 INFO     ___FILE_ONLY___ 
        {
2022-03-08 23:04:06,490 INFO     ___FILE_ONLY___ 
          "labels": [
2022-03-08 23:04:06,490 INFO     ___FILE_ONLY___ 
            {
2022-03-08 23:04:06,490 INFO     ___FILE_ONLY___ 
              "key": "cloud.googleapis.com/project"
2022-03-08 23:04:06,491 INFO     ___FILE_ONLY___ 
            },
2022-03-08 23:04:06,491 INFO     ___FILE_ONLY___ 
            {
2022-03-08 23:04:06,491 INFO     ___FILE_ONLY___ 
              "key": "run.googleapis.com/service_name"
2022-03-08 23:04:06,491 INFO     ___FILE_ONLY___ 
            },
2022-03-08 23:04:06,495 INFO     ___FILE_ONLY___ 
            {
2022-03-08 23:04:06,495 INFO     ___FILE_ONLY___ 
              "key": "run.googleapis.com/revision_name"
2022-03-08 23:04:06,495 INFO     ___FILE_ONLY___ 
            },
2022-03-08 23:04:06,496 INFO     ___FILE_ONLY___ 
            {
2022-03-08 23:04:06,496 INFO     ___FILE_ONLY___ 
              "key": "cloud.googleapis.com/location"
2022-03-08 23:04:06,496 INFO     ___FILE_ONLY___ 
            },
2022-03-08 23:04:06,496 INFO     ___FILE_ONLY___ 
            {
2022-03-08 23:04:06,497 INFO     ___FILE_ONLY___ 
              "key": "run.googleapis.com/configuration_name"
2022-03-08 23:04:06,497 INFO     ___FILE_ONLY___ 
            },
2022-03-08 23:04:06,497 INFO     ___FILE_ONLY___ 
            {
2022-03-08 23:04:06,498 INFO     ___FILE_ONLY___ 
              "key": "cloud.googleapis.com/uid"
2022-03-08 23:04:06,498 INFO     ___FILE_ONLY___ 
            }
2022-03-08 23:04:06,498 INFO     ___FILE_ONLY___ 
          ],
2022-03-08 23:04:06,504 INFO     ___FILE_ONLY___ 
          "type": "run.googleapis.com/revision"
2022-03-08 23:04:06,504 INFO     ___FILE_ONLY___ 
        }
2022-03-08 23:04:06,504 INFO     ___FILE_ONLY___ 
      ],
2022-03-08 23:04:06,505 INFO     ___FILE_ONLY___ 
      "monitoring": {
2022-03-08 23:04:06,505 INFO     ___FILE_ONLY___ 
        "consumerDestinations": [
2022-03-08 23:04:06,505 INFO     ___FILE_ONLY___ 
          {
2022-03-08 23:04:06,506 INFO     ___FILE_ONLY___ 
            "metrics": [
2022-03-08 23:04:06,506 INFO     ___FILE_ONLY___ 
              "run.googleapis.com/request_count",
2022-03-08 23:04:06,506 INFO     ___FILE_ONLY___ 
              "run.googleapis.com/request_latencies",
2022-03-08 23:04:06,506 INFO     ___FILE_ONLY___ 
              "run.googleapis.com/container/instance_time",
2022-03-08 23:04:06,507 INFO     ___FILE_ONLY___ 
              "run.googleapis.com/container/labelled_instance_time",
2022-03-08 23:04:06,507 INFO     ___FILE_ONLY___ 
              "run.googleapis.com/container/cpu/allocation_time",
2022-03-08 23:04:06,507 INFO     ___FILE_ONLY___ 
              "run.googleapis.com/container/cpu/scaled_usage",
2022-03-08 23:04:06,508 INFO     ___FILE_ONLY___ 
              "run.googleapis.com/container/memory/allocation_time",
2022-03-08 23:04:06,508 INFO     ___FILE_ONLY___ 
              "run.googleapis.com/container/memory/utilization",
2022-03-08 23:04:06,508 INFO     ___FILE_ONLY___ 
              "run.googleapis.com/tenant_project",
2022-03-08 23:04:06,508 INFO     ___FILE_ONLY___ 
              "run.googleapis.com/internal/eventflow_filter/cloudevent_recordedtime_latencies",
2022-03-08 23:04:06,509 INFO     ___FILE_ONLY___ 
              "run.googleapis.com/internal/eventflow_filter/cloudevent_time_latencies",
2022-03-08 23:04:06,509 INFO     ___FILE_ONLY___ 
              "run.googleapis.com/internal/eventflow_filter/transformation_count",
2022-03-08 23:04:06,509 INFO     ___FILE_ONLY___ 
              "run.googleapis.com/internal/eventflow_filter/transformation_latencies",
2022-03-08 23:04:06,509 INFO     ___FILE_ONLY___ 
              "run.googleapis.com/internal/pod_service_client/request_count",
2022-03-08 23:04:06,509 INFO     ___FILE_ONLY___ 
              "run.googleapis.com/internal/pod_service_client/request_latencies"
2022-03-08 23:04:06,510 INFO     ___FILE_ONLY___ 
            ],
2022-03-08 23:04:06,510 INFO     ___FILE_ONLY___ 
            "monitoredResource": "run.googleapis.com/revision"
2022-03-08 23:04:06,510 INFO     ___FILE_ONLY___ 
          }
2022-03-08 23:04:06,510 INFO     ___FILE_ONLY___ 
        ]
2022-03-08 23:04:06,510 INFO     ___FILE_ONLY___ 
      },
2022-03-08 23:04:06,510 INFO     ___FILE_ONLY___ 
      "name": "run.googleapis.com",
2022-03-08 23:04:06,511 INFO     ___FILE_ONLY___ 
      "quota": {},
2022-03-08 23:04:06,511 INFO     ___FILE_ONLY___ 
      "title": "Cloud Run Admin API",
2022-03-08 23:04:06,511 INFO     ___FILE_ONLY___ 
      "usage": {
2022-03-08 23:04:06,511 INFO     ___FILE_ONLY___ 
        "requirements": [
2022-03-08 23:04:06,511 INFO     ___FILE_ONLY___ 
          "serviceusage.googleapis.com/tos/cloud",
2022-03-08 23:04:06,512 INFO     ___FILE_ONLY___ 
          "serviceusage.googleapis.com/billing-enabled"
2022-03-08 23:04:06,512 INFO     ___FILE_ONLY___ 
        ]
2022-03-08 23:04:06,512 INFO     ___FILE_ONLY___ 
      }
2022-03-08 23:04:06,512 INFO     ___FILE_ONLY___ 
    },
2022-03-08 23:04:06,512 INFO     ___FILE_ONLY___ 
    "name": "projects/628536881943/services/run.googleapis.com",
2022-03-08 23:04:06,512 INFO     ___FILE_ONLY___ 
    "parent": "projects/628536881943",
2022-03-08 23:04:06,513 INFO     ___FILE_ONLY___ 
    "state": "ENABLED"
2022-03-08 23:04:06,513 INFO     ___FILE_ONLY___ 
  }
2022-03-08 23:04:06,529 INFO     ___FILE_ONLY___ ,
  {
2022-03-08 23:04:06,529 INFO     ___FILE_ONLY___ 
    "config": {
2022-03-08 23:04:06,529 INFO     ___FILE_ONLY___ 
      "authentication": {},
2022-03-08 23:04:06,529 INFO     ___FILE_ONLY___ 
      "documentation": {
2022-03-08 23:04:06,530 INFO     ___FILE_ONLY___ 
        "summary": "Google Cloud SQL is a hosted and fully managed relational database service\n    on Google's infrastructure."
2022-03-08 23:04:06,530 INFO     ___FILE_ONLY___ 
      },
2022-03-08 23:04:06,530 INFO     ___FILE_ONLY___ 
      "monitoredResources": [
2022-03-08 23:04:06,530 INFO     ___FILE_ONLY___ 
        {
2022-03-08 23:04:06,531 INFO     ___FILE_ONLY___ 
          "labels": [
2022-03-08 23:04:06,531 INFO     ___FILE_ONLY___ 
            {
2022-03-08 23:04:06,531 INFO     ___FILE_ONLY___ 
              "key": "cloud.googleapis.com/location"
2022-03-08 23:04:06,531 INFO     ___FILE_ONLY___ 
            },
2022-03-08 23:04:06,531 INFO     ___FILE_ONLY___ 
            {
2022-03-08 23:04:06,532 INFO     ___FILE_ONLY___ 
              "key": "cloud.googleapis.com/uid"
2022-03-08 23:04:06,532 INFO     ___FILE_ONLY___ 
            },
2022-03-08 23:04:06,532 INFO     ___FILE_ONLY___ 
            {
2022-03-08 23:04:06,532 INFO     ___FILE_ONLY___ 
              "key": "serviceruntime.googleapis.com/api_version"
2022-03-08 23:04:06,532 INFO     ___FILE_ONLY___ 
            },
2022-03-08 23:04:06,533 INFO     ___FILE_ONLY___ 
            {
2022-03-08 23:04:06,533 INFO     ___FILE_ONLY___ 
              "key": "serviceruntime.googleapis.com/api_method"
2022-03-08 23:04:06,533 INFO     ___FILE_ONLY___ 
            },
2022-03-08 23:04:06,533 INFO     ___FILE_ONLY___ 
            {
2022-03-08 23:04:06,533 INFO     ___FILE_ONLY___ 
              "key": "serviceruntime.googleapis.com/consumer_project"
2022-03-08 23:04:06,533 INFO     ___FILE_ONLY___ 
            },
2022-03-08 23:04:06,534 INFO     ___FILE_ONLY___ 
            {
2022-03-08 23:04:06,534 INFO     ___FILE_ONLY___ 
              "key": "cloud.googleapis.com/project"
2022-03-08 23:04:06,534 INFO     ___FILE_ONLY___ 
            },
2022-03-08 23:04:06,534 INFO     ___FILE_ONLY___ 
            {
2022-03-08 23:04:06,534 INFO     ___FILE_ONLY___ 
              "key": "cloud.googleapis.com/service"
2022-03-08 23:04:06,535 INFO     ___FILE_ONLY___ 
            }
2022-03-08 23:04:06,535 INFO     ___FILE_ONLY___ 
          ],
2022-03-08 23:04:06,535 INFO     ___FILE_ONLY___ 
          "type": "serviceruntime.googleapis.com/api"
2022-03-08 23:04:06,535 INFO     ___FILE_ONLY___ 
        },
2022-03-08 23:04:06,536 INFO     ___FILE_ONLY___ 
        {
2022-03-08 23:04:06,536 INFO     ___FILE_ONLY___ 
          "labels": [
2022-03-08 23:04:06,536 INFO     ___FILE_ONLY___ 
            {
2022-03-08 23:04:06,537 INFO     ___FILE_ONLY___ 
              "key": "cloud.googleapis.com/location"
2022-03-08 23:04:06,537 INFO     ___FILE_ONLY___ 
            },
2022-03-08 23:04:06,537 INFO     ___FILE_ONLY___ 
            {
2022-03-08 23:04:06,537 INFO     ___FILE_ONLY___ 
              "key": "cloud.googleapis.com/uid"
2022-03-08 23:04:06,537 INFO     ___FILE_ONLY___ 
            },
2022-03-08 23:04:06,538 INFO     ___FILE_ONLY___ 
            {
2022-03-08 23:04:06,538 INFO     ___FILE_ONLY___ 
              "key": "cloud.googleapis.com/service"
2022-03-08 23:04:06,538 INFO     ___FILE_ONLY___ 
            },
2022-03-08 23:04:06,538 INFO     ___FILE_ONLY___ 
            {
2022-03-08 23:04:06,538 INFO     ___FILE_ONLY___ 
              "key": "cloud.googleapis.com/resource_id"
2022-03-08 23:04:06,538 INFO     ___FILE_ONLY___ 
            },
2022-03-08 23:04:06,538 INFO     ___FILE_ONLY___ 
            {
2022-03-08 23:04:06,539 INFO     ___FILE_ONLY___ 
              "key": "cloud.googleapis.com/resource_node"
2022-03-08 23:04:06,539 INFO     ___FILE_ONLY___ 
            },
2022-03-08 23:04:06,539 INFO     ___FILE_ONLY___ 
            {
2022-03-08 23:04:06,539 INFO     ___FILE_ONLY___ 
              "key": "cloud.googleapis.com/quota_metric"
2022-03-08 23:04:06,539 INFO     ___FILE_ONLY___ 
            },
2022-03-08 23:04:06,539 INFO     ___FILE_ONLY___ 
            {
2022-03-08 23:04:06,539 INFO     ___FILE_ONLY___ 
              "key": "cloud.googleapis.com/quota_location"
2022-03-08 23:04:06,539 INFO     ___FILE_ONLY___ 
            }
2022-03-08 23:04:06,540 INFO     ___FILE_ONLY___ 
          ],
2022-03-08 23:04:06,540 INFO     ___FILE_ONLY___ 
          "type": "serviceruntime.googleapis.com/consumer_quota"
2022-03-08 23:04:06,540 INFO     ___FILE_ONLY___ 
        },
2022-03-08 23:04:06,540 INFO     ___FILE_ONLY___ 
        {
2022-03-08 23:04:06,540 INFO     ___FILE_ONLY___ 
          "labels": [
2022-03-08 23:04:06,540 INFO     ___FILE_ONLY___ 
            {
2022-03-08 23:04:06,540 INFO     ___FILE_ONLY___ 
              "key": "cloud.googleapis.com/location"
2022-03-08 23:04:06,541 INFO     ___FILE_ONLY___ 
            },
2022-03-08 23:04:06,541 INFO     ___FILE_ONLY___ 
            {
2022-03-08 23:04:06,541 INFO     ___FILE_ONLY___ 
              "key": "cloud.googleapis.com/uid"
2022-03-08 23:04:06,541 INFO     ___FILE_ONLY___ 
            },
2022-03-08 23:04:06,541 INFO     ___FILE_ONLY___ 
            {
2022-03-08 23:04:06,541 INFO     ___FILE_ONLY___ 
              "key": "cloud.googleapis.com/service"
2022-03-08 23:04:06,541 INFO     ___FILE_ONLY___ 
            },
2022-03-08 23:04:06,542 INFO     ___FILE_ONLY___ 
            {
2022-03-08 23:04:06,542 INFO     ___FILE_ONLY___ 
              "key": "cloud.googleapis.com/resource_id"
2022-03-08 23:04:06,542 INFO     ___FILE_ONLY___ 
            },
2022-03-08 23:04:06,542 INFO     ___FILE_ONLY___ 
            {
2022-03-08 23:04:06,542 INFO     ___FILE_ONLY___ 
              "key": "cloud.googleapis.com/resource_node"
2022-03-08 23:04:06,542 INFO     ___FILE_ONLY___ 
            },
2022-03-08 23:04:06,543 INFO     ___FILE_ONLY___ 
            {
2022-03-08 23:04:06,543 INFO     ___FILE_ONLY___ 
              "key": "cloud.googleapis.com/consumer_resource_node"
2022-03-08 23:04:06,543 INFO     ___FILE_ONLY___ 
            },
2022-03-08 23:04:06,543 INFO     ___FILE_ONLY___ 
            {
2022-03-08 23:04:06,543 INFO     ___FILE_ONLY___ 
              "key": "cloud.googleapis.com/quota_metric"
2022-03-08 23:04:06,543 INFO     ___FILE_ONLY___ 
            },
2022-03-08 23:04:06,544 INFO     ___FILE_ONLY___ 
            {
2022-03-08 23:04:06,544 INFO     ___FILE_ONLY___ 
              "key": "cloud.googleapis.com/quota_location"
2022-03-08 23:04:06,544 INFO     ___FILE_ONLY___ 
            }
2022-03-08 23:04:06,544 INFO     ___FILE_ONLY___ 
          ],
2022-03-08 23:04:06,544 INFO     ___FILE_ONLY___ 
          "type": "serviceruntime.googleapis.com/producer_quota"
2022-03-08 23:04:06,544 INFO     ___FILE_ONLY___ 
        }
2022-03-08 23:04:06,544 INFO     ___FILE_ONLY___ 
      ],
2022-03-08 23:04:06,544 INFO     ___FILE_ONLY___ 
      "monitoring": {
2022-03-08 23:04:06,545 INFO     ___FILE_ONLY___ 
        "consumerDestinations": [
2022-03-08 23:04:06,545 INFO     ___FILE_ONLY___ 
          {
2022-03-08 23:04:06,545 INFO     ___FILE_ONLY___ 
            "metrics": [
2022-03-08 23:04:06,545 INFO     ___FILE_ONLY___ 
              "serviceruntime.googleapis.com/api/consumer/request_count",
2022-03-08 23:04:06,545 INFO     ___FILE_ONLY___ 
              "serviceruntime.googleapis.com/api/consumer/error_count",
2022-03-08 23:04:06,545 INFO     ___FILE_ONLY___ 
              "serviceruntime.googleapis.com/api/consumer/quota_used_count",
2022-03-08 23:04:06,546 INFO     ___FILE_ONLY___ 
              "serviceruntime.googleapis.com/api/consumer/quota_refund_count",
2022-03-08 23:04:06,546 INFO     ___FILE_ONLY___ 
              "serviceruntime.googleapis.com/api/consumer/total_latencies",
2022-03-08 23:04:06,546 INFO     ___FILE_ONLY___ 
              "serviceruntime.googleapis.com/api/consumer/request_overhead_latencies",
2022-03-08 23:04:06,546 INFO     ___FILE_ONLY___ 
              "serviceruntime.googleapis.com/api/consumer/backend_latencies",
2022-03-08 23:04:06,546 INFO     ___FILE_ONLY___ 
              "serviceruntime.googleapis.com/api/consumer/request_sizes",
2022-03-08 23:04:06,546 INFO     ___FILE_ONLY___ 
              "serviceruntime.googleapis.com/api/consumer/response_sizes",
2022-03-08 23:04:06,546 INFO     ___FILE_ONLY___ 
              "serviceruntime.googleapis.com/api/consumer/top_request_count_by_end_user",
2022-03-08 23:04:06,547 INFO     ___FILE_ONLY___ 
              "serviceruntime.googleapis.com/api/consumer/top_request_count_by_end_user_country",
2022-03-08 23:04:06,547 INFO     ___FILE_ONLY___ 
              "serviceruntime.googleapis.com/api/consumer/top_request_count_by_referer",
2022-03-08 23:04:06,547 INFO     ___FILE_ONLY___ 
              "serviceruntime.googleapis.com/quota/used",
2022-03-08 23:04:06,547 INFO     ___FILE_ONLY___ 
              "serviceruntime.googleapis.com/quota/limit",
2022-03-08 23:04:06,547 INFO     ___FILE_ONLY___ 
              "serviceruntime.googleapis.com/quota/exceeded",
2022-03-08 23:04:06,547 INFO     ___FILE_ONLY___ 
              "serviceruntime.googleapis.com/allocation/consumer/quota_used_count"
2022-03-08 23:04:06,547 INFO     ___FILE_ONLY___ 
            ],
2022-03-08 23:04:06,547 INFO     ___FILE_ONLY___ 
            "monitoredResource": "serviceruntime.googleapis.com/api"
2022-03-08 23:04:06,548 INFO     ___FILE_ONLY___ 
          },
2022-03-08 23:04:06,548 INFO     ___FILE_ONLY___ 
          {
2022-03-08 23:04:06,548 INFO     ___FILE_ONLY___ 
            "metrics": [
2022-03-08 23:04:06,548 INFO     ___FILE_ONLY___ 
              "serviceruntime.googleapis.com/quota/rate/consumer/used_count",
2022-03-08 23:04:06,548 INFO     ___FILE_ONLY___ 
              "serviceruntime.googleapis.com/quota/rate/consumer/refund_count",
2022-03-08 23:04:06,548 INFO     ___FILE_ONLY___ 
              "serviceruntime.googleapis.com/quota/allocation/consumer/usage",
2022-03-08 23:04:06,549 INFO     ___FILE_ONLY___ 
              "serviceruntime.googleapis.com/quota/consumer/limit",
2022-03-08 23:04:06,549 INFO     ___FILE_ONLY___ 
              "serviceruntime.googleapis.com/quota/consumer/exceeded"
2022-03-08 23:04:06,549 INFO     ___FILE_ONLY___ 
            ],
2022-03-08 23:04:06,549 INFO     ___FILE_ONLY___ 
            "monitoredResource": "serviceruntime.googleapis.com/consumer_quota"
2022-03-08 23:04:06,549 INFO     ___FILE_ONLY___ 
          }
2022-03-08 23:04:06,549 INFO     ___FILE_ONLY___ 
        ]
2022-03-08 23:04:06,550 INFO     ___FILE_ONLY___ 
      },
2022-03-08 23:04:06,550 INFO     ___FILE_ONLY___ 
      "name": "sql-component.googleapis.com",
2022-03-08 23:04:06,550 INFO     ___FILE_ONLY___ 
      "quota": {},
2022-03-08 23:04:06,550 INFO     ___FILE_ONLY___ 
      "title": "Cloud SQL",
2022-03-08 23:04:06,550 INFO     ___FILE_ONLY___ 
      "usage": {
2022-03-08 23:04:06,550 INFO     ___FILE_ONLY___ 
        "requirements": [
2022-03-08 23:04:06,550 INFO     ___FILE_ONLY___ 
          "serviceusage.googleapis.com/tos/cloud"
2022-03-08 23:04:06,550 INFO     ___FILE_ONLY___ 
        ]
2022-03-08 23:04:06,551 INFO     ___FILE_ONLY___ 
      }
2022-03-08 23:04:06,551 INFO     ___FILE_ONLY___ 
    },
2022-03-08 23:04:06,551 INFO     ___FILE_ONLY___ 
    "name": "projects/628536881943/services/sql-component.googleapis.com",
2022-03-08 23:04:06,551 INFO     ___FILE_ONLY___ 
    "parent": "projects/628536881943",
2022-03-08 23:04:06,551 INFO     ___FILE_ONLY___ 
    "state": "ENABLED"
2022-03-08 23:04:06,551 INFO     ___FILE_ONLY___ 
  }
2022-03-08 23:04:06,558 INFO     ___FILE_ONLY___ 
]

2022-03-08 23:04:06,559 DEBUG    root            SDK update checks are disabled.
